# JRE version: Java(TM) SE Runtime Environment (17.0.5+9) (build 17.0.5+9-LTS-191)
# Java VM: Java HotSpot(TM) 64-Bit Server VM (17.0.5+9-LTS-191, mixed mode, sharing, tiered, compressed oops, compressed class ptrs, g1 gc, linux-amd64)
GC Precious Log:
 CPUs: 8 total, 8 available
 Memory: 15798M
 Large Page Support: Disabled
 NUMA Support: Disabled
 Compressed Oops: Enabled (Zero based)
 Heap Region Size: 2M
 Heap Min Capacity: 8M
 Heap Initial Capacity: 248M
 Heap Max Capacity: 3950M
 Pre-touch: Disabled
 Parallel Workers: 8
 Concurrent Workers: 2
 Concurrent Refinement Workers: 8
 Periodic GC: Disabled
Heap:
 garbage-first heap   total 83968K, used 51216K [0x0000000709200000, 0x0000000800000000)
  region size 2048K, 12 young (24576K), 1 survivors (2048K)
 Metaspace       used 64188K, committed 64640K, reserved 1105920K
  class space    used 9510K, committed 9728K, reserved 1048576K
GC Heap History (20 events):
Event: 0,759 GC heap before
{Heap before GC invocations=0 (full 0):
 garbage-first heap   total 258048K, used 24548K [0x0000000709200000, 0x0000000800000000)
  region size 2048K, 11 young (22528K), 0 survivors (0K)
 Metaspace       used 6613K, committed 6784K, reserved 1056768K
  class space    used 769K, committed 832K, reserved 1048576K
}
Event: 0,762 GC heap after
{Heap after GC invocations=1 (full 0):
 garbage-first heap   total 258048K, used 9094K [0x0000000709200000, 0x0000000800000000)
  region size 2048K, 2 young (4096K), 2 survivors (4096K)
 Metaspace       used 6613K, committed 6784K, reserved 1056768K
  class space    used 769K, committed 832K, reserved 1048576K
}
Event: 1,204 GC heap before
{Heap before GC invocations=1 (full 0):
 garbage-first heap   total 258048K, used 37766K [0x0000000709200000, 0x0000000800000000)
  region size 2048K, 16 young (32768K), 2 survivors (4096K)
 Metaspace       used 13511K, committed 13760K, reserved 1064960K
  class space    used 1719K, committed 1856K, reserved 1048576K
}
Event: 1,208 GC heap after
{Heap after GC invocations=2 (full 0):
 garbage-first heap   total 258048K, used 10987K [0x0000000709200000, 0x0000000800000000)
  region size 2048K, 2 young (4096K), 2 survivors (4096K)
 Metaspace       used 13511K, committed 13760K, reserved 1064960K
  class space    used 1719K, committed 1856K, reserved 1048576K
}
Event: 1,895 GC heap before
{Heap before GC invocations=2 (full 0):
 garbage-first heap   total 258048K, used 53995K [0x0000000709200000, 0x0000000800000000)
  region size 2048K, 24 young (49152K), 2 survivors (4096K)
 Metaspace       used 21146K, committed 21504K, reserved 1073152K
  class space    used 2803K, committed 3008K, reserved 1048576K
}
Event: 1,900 GC heap after
{Heap after GC invocations=3 (full 0):
 garbage-first heap   total 258048K, used 14129K [0x0000000709200000, 0x0000000800000000)
  region size 2048K, 3 young (6144K), 3 survivors (6144K)
 Metaspace       used 21146K, committed 21504K, reserved 1073152K
  class space    used 2803K, committed 3008K, reserved 1048576K
}
Event: 2,450 GC heap before
{Heap before GC invocations=4 (full 0):
 garbage-first heap   total 69632K, used 48945K [0x0000000709200000, 0x0000000800000000)
  region size 2048K, 20 young (40960K), 3 survivors (6144K)
 Metaspace       used 29196K, committed 29504K, reserved 1081344K
  class space    used 3971K, committed 4096K, reserved 1048576K
}
Event: 2,455 GC heap after
{Heap after GC invocations=5 (full 0):
 garbage-first heap   total 69632K, used 16452K [0x0000000709200000, 0x0000000800000000)
  region size 2048K, 3 young (6144K), 3 survivors (6144K)
 Metaspace       used 29196K, committed 29504K, reserved 1081344K
  class space    used 3971K, committed 4096K, reserved 1048576K
}
Event: 2,789 GC heap before
{Heap before GC invocations=5 (full 0):
 garbage-first heap   total 69632K, used 36932K [0x0000000709200000, 0x0000000800000000)
  region size 2048K, 15 young (30720K), 3 survivors (6144K)
 Metaspace       used 35654K, committed 35968K, reserved 1081344K
  class space    used 4818K, committed 4992K, reserved 1048576K
}
Event: 2,793 GC heap after
{Heap after GC invocations=6 (full 0):
 garbage-first heap   total 69632K, used 18041K [0x0000000709200000, 0x0000000800000000)
  region size 2048K, 1 young (2048K), 1 survivors (2048K)
 Metaspace       used 35654K, committed 35968K, reserved 1081344K
  class space    used 4818K, committed 4992K, reserved 1048576K
}
Event: 3,182 GC heap before
{Heap before GC invocations=7 (full 0):
 garbage-first heap   total 69632K, used 46713K [0x0000000709200000, 0x0000000800000000)
  region size 2048K, 14 young (28672K), 1 survivors (2048K)
 Metaspace       used 42802K, committed 43200K, reserved 1089536K
  class space    used 5978K, committed 6144K, reserved 1048576K
}
Event: 3,185 GC heap after
{Heap after GC invocations=8 (full 0):
 garbage-first heap   total 69632K, used 20996K [0x0000000709200000, 0x0000000800000000)
  region size 2048K, 2 young (4096K), 2 survivors (4096K)
 Metaspace       used 42802K, committed 43200K, reserved 1089536K
  class space    used 5978K, committed 6144K, reserved 1048576K
}
Event: 3,453 GC heap before
{Heap before GC invocations=8 (full 0):
 garbage-first heap   total 69632K, used 43524K [0x0000000709200000, 0x0000000800000000)
  region size 2048K, 14 young (28672K), 2 survivors (4096K)
 Metaspace       used 48659K, committed 49088K, reserved 1097728K
  class space    used 6814K, committed 6976K, reserved 1048576K
}
Event: 3,457 GC heap after
{Heap after GC invocations=9 (full 0):
 garbage-first heap   total 69632K, used 23053K [0x0000000709200000, 0x0000000800000000)
  region size 2048K, 2 young (4096K), 2 survivors (4096K)
 Metaspace       used 48659K, committed 49088K, reserved 1097728K
  class space    used 6814K, committed 6976K, reserved 1048576K
}
Event: 3,731 GC heap before
{Heap before GC invocations=9 (full 0):
 garbage-first heap   total 69632K, used 45581K [0x0000000709200000, 0x0000000800000000)
  region size 2048K, 14 young (28672K), 2 survivors (4096K)
 Metaspace       used 52399K, committed 52800K, reserved 1097728K
  class space    used 7314K, committed 7488K, reserved 1048576K
}
Event: 3,735 GC heap after
{Heap after GC invocations=10 (full 0):
 garbage-first heap   total 69632K, used 25108K [0x0000000709200000, 0x0000000800000000)
  region size 2048K, 2 young (4096K), 2 survivors (4096K)
 Metaspace       used 52399K, committed 52800K, reserved 1097728K
  class space    used 7314K, committed 7488K, reserved 1048576K
}
Event: 4,065 GC heap before
{Heap before GC invocations=10 (full 0):
 garbage-first heap   total 69632K, used 47636K [0x0000000709200000, 0x0000000800000000)
  region size 2048K, 14 young (28672K), 2 survivors (4096K)
 Metaspace       used 57295K, committed 57728K, reserved 1105920K
  class space    used 8177K, committed 8384K, reserved 1048576K
}
Event: 4,070 GC heap after
{Heap after GC invocations=11 (full 0):
 garbage-first heap   total 69632K, used 27101K [0x0000000709200000, 0x0000000800000000)
  region size 2048K, 2 young (4096K), 2 survivors (4096K)
 Metaspace       used 57295K, committed 57728K, reserved 1105920K
  class space    used 8177K, committed 8384K, reserved 1048576K
}
Event: 4,308 GC heap before
{Heap before GC invocations=11 (full 0):
 garbage-first heap   total 69632K, used 37341K [0x0000000709200000, 0x0000000800000000)
  region size 2048K, 8 young (16384K), 2 survivors (4096K)
 Metaspace       used 59876K, committed 60288K, reserved 1105920K
  class space    used 8798K, committed 8960K, reserved 1048576K
}
Event: 4,313 GC heap after
{Heap after GC invocations=12 (full 0):
 garbage-first heap   total 83968K, used 28688K [0x0000000709200000, 0x0000000800000000)
  region size 2048K, 1 young (2048K), 1 survivors (2048K)
 Metaspace       used 59876K, committed 60288K, reserved 1105920K
  class space    used 8798K, committed 8960K, reserved 1048576K
}

