# JRE version: Java(TM) SE Runtime Environment (17.0.5+9) (build 17.0.5+9-LTS-191)
# Java VM: Java HotSpot(TM) 64-Bit Server VM (17.0.5+9-LTS-191, mixed mode, sharing, tiered, compressed oops, compressed class ptrs, g1 gc, linux-amd64)
GC Precious Log:
 CPUs: 8 total, 8 available
 Memory: 15798M
 Large Page Support: Disabled
 NUMA Support: Disabled
 Compressed Oops: Enabled (Zero based)
 Heap Region Size: 2M
 Heap Min Capacity: 8M
 Heap Initial Capacity: 248M
 Heap Max Capacity: 3950M
 Pre-touch: Disabled
 Parallel Workers: 8
 Concurrent Workers: 2
 Concurrent Refinement Workers: 8
 Periodic GC: Disabled
Heap:
 garbage-first heap   total 90112K, used 50440K [0x0000000709200000, 0x0000000800000000)
  region size 2048K, 13 young (26624K), 2 survivors (4096K)
 Metaspace       used 64295K, committed 64768K, reserved 1105920K
  class space    used 9509K, committed 9792K, reserved 1048576K
GC Heap History (20 events):
Event: 1,215 GC heap before
{Heap before GC invocations=1 (full 0):
 garbage-first heap   total 258048K, used 37762K [0x0000000709200000, 0x0000000800000000)
  region size 2048K, 16 young (32768K), 2 survivors (4096K)
 Metaspace       used 13633K, committed 13888K, reserved 1064960K
  class space    used 1729K, committed 1856K, reserved 1048576K
}
Event: 1,218 GC heap after
{Heap after GC invocations=2 (full 0):
 garbage-first heap   total 258048K, used 10612K [0x0000000709200000, 0x0000000800000000)
  region size 2048K, 2 young (4096K), 2 survivors (4096K)
 Metaspace       used 13633K, committed 13888K, reserved 1064960K
  class space    used 1729K, committed 1856K, reserved 1048576K
}
Event: 1,884 GC heap before
{Heap before GC invocations=2 (full 0):
 garbage-first heap   total 258048K, used 53620K [0x0000000709200000, 0x0000000800000000)
  region size 2048K, 24 young (49152K), 2 survivors (4096K)
 Metaspace       used 21159K, committed 21504K, reserved 1073152K
  class space    used 2803K, committed 3008K, reserved 1048576K
}
Event: 1,889 GC heap after
{Heap after GC invocations=3 (full 0):
 garbage-first heap   total 258048K, used 13587K [0x0000000709200000, 0x0000000800000000)
  region size 2048K, 3 young (6144K), 3 survivors (6144K)
 Metaspace       used 21159K, committed 21504K, reserved 1073152K
  class space    used 2803K, committed 3008K, reserved 1048576K
}
Event: 2,478 GC heap before
{Heap before GC invocations=4 (full 0):
 garbage-first heap   total 69632K, used 48403K [0x0000000709200000, 0x0000000800000000)
  region size 2048K, 20 young (40960K), 3 survivors (6144K)
 Metaspace       used 29194K, committed 29504K, reserved 1081344K
  class space    used 3967K, committed 4096K, reserved 1048576K
}
Event: 2,484 GC heap after
{Heap after GC invocations=5 (full 0):
 garbage-first heap   total 69632K, used 15883K [0x0000000709200000, 0x0000000800000000)
  region size 2048K, 3 young (6144K), 3 survivors (6144K)
 Metaspace       used 29194K, committed 29504K, reserved 1081344K
  class space    used 3967K, committed 4096K, reserved 1048576K
}
Event: 2,529 GC heap before
{Heap before GC invocations=5 (full 0):
 garbage-first heap   total 69632K, used 15883K [0x0000000709200000, 0x0000000800000000)
  region size 2048K, 4 young (8192K), 3 survivors (6144K)
 Metaspace       used 29961K, committed 30336K, reserved 1081344K
  class space    used 4041K, committed 4224K, reserved 1048576K
}
Event: 2,533 GC heap after
{Heap after GC invocations=6 (full 0):
 garbage-first heap   total 69632K, used 16423K [0x0000000709200000, 0x0000000800000000)
  region size 2048K, 1 young (2048K), 1 survivors (2048K)
 Metaspace       used 29961K, committed 30336K, reserved 1081344K
  class space    used 4041K, committed 4224K, reserved 1048576K
}
Event: 2,835 GC heap before
{Heap before GC invocations=6 (full 0):
 garbage-first heap   total 69632K, used 32807K [0x0000000709200000, 0x0000000800000000)
  region size 2048K, 11 young (22528K), 1 survivors (2048K)
 Metaspace       used 35601K, committed 35968K, reserved 1081344K
  class space    used 4802K, committed 4992K, reserved 1048576K
}
Event: 2,837 GC heap after
{Heap after GC invocations=7 (full 0):
 garbage-first heap   total 69632K, used 17228K [0x0000000709200000, 0x0000000800000000)
  region size 2048K, 1 young (2048K), 1 survivors (2048K)
 Metaspace       used 35601K, committed 35968K, reserved 1081344K
  class space    used 4802K, committed 4992K, reserved 1048576K
}
Event: 3,258 GC heap before
{Heap before GC invocations=8 (full 0):
 garbage-first heap   total 69632K, used 47948K [0x0000000709200000, 0x0000000800000000)
  region size 2048K, 15 young (30720K), 1 survivors (2048K)
 Metaspace       used 43548K, committed 43904K, reserved 1089536K
  class space    used 6078K, committed 6272K, reserved 1048576K
}
Event: 3,261 GC heap after
{Heap after GC invocations=9 (full 0):
 garbage-first heap   total 69632K, used 20552K [0x0000000709200000, 0x0000000800000000)
  region size 2048K, 2 young (4096K), 2 survivors (4096K)
 Metaspace       used 43548K, committed 43904K, reserved 1089536K
  class space    used 6078K, committed 6272K, reserved 1048576K
}
Event: 3,563 GC heap before
{Heap before GC invocations=9 (full 0):
 garbage-first heap   total 69632K, used 45128K [0x0000000709200000, 0x0000000800000000)
  region size 2048K, 15 young (30720K), 2 survivors (4096K)
 Metaspace       used 49809K, committed 50240K, reserved 1097728K
  class space    used 6933K, committed 7104K, reserved 1048576K
}
Event: 3,567 GC heap after
{Heap after GC invocations=10 (full 0):
 garbage-first heap   total 69632K, used 23195K [0x0000000709200000, 0x0000000800000000)
  region size 2048K, 2 young (4096K), 2 survivors (4096K)
 Metaspace       used 49809K, committed 50240K, reserved 1097728K
  class space    used 6933K, committed 7104K, reserved 1048576K
}
Event: 3,851 GC heap before
{Heap before GC invocations=10 (full 0):
 garbage-first heap   total 69632K, used 47771K [0x0000000709200000, 0x0000000800000000)
  region size 2048K, 14 young (28672K), 2 survivors (4096K)
 Metaspace       used 53660K, committed 53952K, reserved 1097728K
  class space    used 7621K, committed 7744K, reserved 1048576K
}
Event: 3,856 GC heap after
{Heap after GC invocations=11 (full 0):
 garbage-first heap   total 69632K, used 25356K [0x0000000709200000, 0x0000000800000000)
  region size 2048K, 2 young (4096K), 2 survivors (4096K)
 Metaspace       used 53660K, committed 53952K, reserved 1097728K
  class space    used 7621K, committed 7744K, reserved 1048576K
}
Event: 4,255 GC heap before
{Heap before GC invocations=11 (full 0):
 garbage-first heap   total 69632K, used 47884K [0x0000000709200000, 0x0000000800000000)
  region size 2048K, 13 young (26624K), 2 survivors (4096K)
 Metaspace       used 58280K, committed 58752K, reserved 1105920K
  class space    used 8416K, committed 8640K, reserved 1048576K
}
Event: 4,259 GC heap after
{Heap after GC invocations=12 (full 0):
 garbage-first heap   total 90112K, used 26926K [0x0000000709200000, 0x0000000800000000)
  region size 2048K, 2 young (4096K), 2 survivors (4096K)
 Metaspace       used 58280K, committed 58752K, reserved 1105920K
  class space    used 8416K, committed 8640K, reserved 1048576K
}
Event: 4,362 GC heap before
{Heap before GC invocations=12 (full 0):
 garbage-first heap   total 90112K, used 33070K [0x0000000709200000, 0x0000000800000000)
  region size 2048K, 6 young (12288K), 2 survivors (4096K)
 Metaspace       used 59987K, committed 60416K, reserved 1105920K
  class space    used 8811K, committed 9024K, reserved 1048576K
}
Event: 4,366 GC heap after
{Heap after GC invocations=13 (full 0):
 garbage-first heap   total 90112K, used 27912K [0x0000000709200000, 0x0000000800000000)
  region size 2048K, 2 young (4096K), 2 survivors (4096K)
 Metaspace       used 59987K, committed 60416K, reserved 1105920K
  class space    used 8811K, committed 9024K, reserved 1048576K
}

