# JRE version: Java(TM) SE Runtime Environment (17.0.5+9) (build 17.0.5+9-LTS-191)
# Java VM: Java HotSpot(TM) 64-Bit Server VM (17.0.5+9-LTS-191, mixed mode, sharing, tiered, compressed oops, compressed class ptrs, g1 gc, linux-amd64)
GC Precious Log:
 CPUs: 8 total, 8 available
 Memory: 15798M
 Large Page Support: Disabled
 NUMA Support: Disabled
 Compressed Oops: Enabled (Zero based)
 Heap Region Size: 2M
 Heap Min Capacity: 8M
 Heap Initial Capacity: 248M
 Heap Max Capacity: 3950M
 Pre-touch: Disabled
 Parallel Workers: 8
 Concurrent Workers: 2
 Concurrent Refinement Workers: 8
 Periodic GC: Disabled
Heap:
 garbage-first heap   total 104448K, used 50304K [0x0000000709200000, 0x0000000800000000)
  region size 2048K, 14 young (28672K), 3 survivors (6144K)
 Metaspace       used 64216K, committed 64704K, reserved 1105920K
  class space    used 9512K, committed 9792K, reserved 1048576K
GC Heap History (20 events):
Event: 0,759 GC heap before
{Heap before GC invocations=0 (full 0):
 garbage-first heap   total 258048K, used 22500K [0x0000000709200000, 0x0000000800000000)
  region size 2048K, 11 young (22528K), 0 survivors (0K)
 Metaspace       used 6715K, committed 6976K, reserved 1056768K
  class space    used 783K, committed 896K, reserved 1048576K
}
Event: 0,762 GC heap after
{Heap after GC invocations=1 (full 0):
 garbage-first heap   total 258048K, used 9141K [0x0000000709200000, 0x0000000800000000)
  region size 2048K, 2 young (4096K), 2 survivors (4096K)
 Metaspace       used 6715K, committed 6976K, reserved 1056768K
  class space    used 783K, committed 896K, reserved 1048576K
}
Event: 1,224 GC heap before
{Heap before GC invocations=1 (full 0):
 garbage-first heap   total 258048K, used 35765K [0x0000000709200000, 0x0000000800000000)
  region size 2048K, 16 young (32768K), 2 survivors (4096K)
 Metaspace       used 13649K, committed 13952K, reserved 1064960K
  class space    used 1727K, committed 1856K, reserved 1048576K
}
Event: 1,228 GC heap after
{Heap after GC invocations=2 (full 0):
 garbage-first heap   total 258048K, used 10557K [0x0000000709200000, 0x0000000800000000)
  region size 2048K, 2 young (4096K), 2 survivors (4096K)
 Metaspace       used 13649K, committed 13952K, reserved 1064960K
  class space    used 1727K, committed 1856K, reserved 1048576K
}
Event: 1,893 GC heap before
{Heap before GC invocations=2 (full 0):
 garbage-first heap   total 258048K, used 51517K [0x0000000709200000, 0x0000000800000000)
  region size 2048K, 23 young (47104K), 2 survivors (4096K)
 Metaspace       used 21170K, committed 21504K, reserved 1073152K
  class space    used 2802K, committed 3008K, reserved 1048576K
}
Event: 1,900 GC heap after
{Heap after GC invocations=3 (full 0):
 garbage-first heap   total 258048K, used 13535K [0x0000000709200000, 0x0000000800000000)
  region size 2048K, 3 young (6144K), 3 survivors (6144K)
 Metaspace       used 21170K, committed 21504K, reserved 1073152K
  class space    used 2802K, committed 3008K, reserved 1048576K
}
Event: 2,420 GC heap before
{Heap before GC invocations=4 (full 0):
 garbage-first heap   total 69632K, used 48351K [0x0000000709200000, 0x0000000800000000)
  region size 2048K, 20 young (40960K), 3 survivors (6144K)
 Metaspace       used 29246K, committed 29568K, reserved 1081344K
  class space    used 3974K, committed 4096K, reserved 1048576K
}
Event: 2,426 GC heap after
{Heap after GC invocations=5 (full 0):
 garbage-first heap   total 69632K, used 15956K [0x0000000709200000, 0x0000000800000000)
  region size 2048K, 3 young (6144K), 3 survivors (6144K)
 Metaspace       used 29246K, committed 29568K, reserved 1081344K
  class space    used 3974K, committed 4096K, reserved 1048576K
}
Event: 2,456 GC heap before
{Heap before GC invocations=5 (full 0):
 garbage-first heap   total 69632K, used 15956K [0x0000000709200000, 0x0000000800000000)
  region size 2048K, 4 young (8192K), 3 survivors (6144K)
 Metaspace       used 29947K, committed 30336K, reserved 1081344K
  class space    used 4042K, committed 4224K, reserved 1048576K
}
Event: 2,461 GC heap after
{Heap after GC invocations=6 (full 0):
 garbage-first heap   total 69632K, used 16779K [0x0000000709200000, 0x0000000800000000)
  region size 2048K, 1 young (2048K), 1 survivors (2048K)
 Metaspace       used 29947K, committed 30336K, reserved 1081344K
  class space    used 4042K, committed 4224K, reserved 1048576K
}
Event: 2,743 GC heap before
{Heap before GC invocations=6 (full 0):
 garbage-first heap   total 69632K, used 35211K [0x0000000709200000, 0x0000000800000000)
  region size 2048K, 11 young (22528K), 1 survivors (2048K)
 Metaspace       used 35593K, committed 35968K, reserved 1081344K
  class space    used 4803K, committed 4992K, reserved 1048576K
}
Event: 2,745 GC heap after
{Heap after GC invocations=7 (full 0):
 garbage-first heap   total 69632K, used 17121K [0x0000000709200000, 0x0000000800000000)
  region size 2048K, 1 young (2048K), 1 survivors (2048K)
 Metaspace       used 35593K, committed 35968K, reserved 1081344K
  class space    used 4803K, committed 4992K, reserved 1048576K
}
Event: 3,229 GC heap before
{Heap before GC invocations=8 (full 0):
 garbage-first heap   total 69632K, used 47841K [0x0000000709200000, 0x0000000800000000)
  region size 2048K, 15 young (30720K), 1 survivors (2048K)
 Metaspace       used 43515K, committed 43904K, reserved 1089536K
  class space    used 6074K, committed 6272K, reserved 1048576K
}
Event: 3,232 GC heap after
{Heap after GC invocations=9 (full 0):
 garbage-first heap   total 69632K, used 20497K [0x0000000709200000, 0x0000000800000000)
  region size 2048K, 2 young (4096K), 2 survivors (4096K)
 Metaspace       used 43515K, committed 43904K, reserved 1089536K
  class space    used 6074K, committed 6272K, reserved 1048576K
}
Event: 3,507 GC heap before
{Heap before GC invocations=9 (full 0):
 garbage-first heap   total 69632K, used 45073K [0x0000000709200000, 0x0000000800000000)
  region size 2048K, 15 young (30720K), 2 survivors (4096K)
 Metaspace       used 49760K, committed 50112K, reserved 1097728K
  class space    used 6930K, committed 7104K, reserved 1048576K
}
Event: 3,512 GC heap after
{Heap after GC invocations=10 (full 0):
 garbage-first heap   total 69632K, used 23248K [0x0000000709200000, 0x0000000800000000)
  region size 2048K, 2 young (4096K), 2 survivors (4096K)
 Metaspace       used 49760K, committed 50112K, reserved 1097728K
  class space    used 6930K, committed 7104K, reserved 1048576K
}
Event: 3,844 GC heap before
{Heap before GC invocations=10 (full 0):
 garbage-first heap   total 69632K, used 47824K [0x0000000709200000, 0x0000000800000000)
  region size 2048K, 14 young (28672K), 2 survivors (4096K)
 Metaspace       used 53648K, committed 53952K, reserved 1097728K
  class space    used 7621K, committed 7744K, reserved 1048576K
}
Event: 3,848 GC heap after
{Heap after GC invocations=11 (full 0):
 garbage-first heap   total 104448K, used 25320K [0x0000000709200000, 0x0000000800000000)
  region size 2048K, 2 young (4096K), 2 survivors (4096K)
 Metaspace       used 53648K, committed 53952K, reserved 1097728K
  class space    used 7621K, committed 7744K, reserved 1048576K
}
Event: 4,291 GC heap before
{Heap before GC invocations=11 (full 0):
 garbage-first heap   total 104448K, used 53992K [0x0000000709200000, 0x0000000800000000)
  region size 2048K, 17 young (34816K), 2 survivors (4096K)
 Metaspace       used 59968K, committed 60416K, reserved 1105920K
  class space    used 8813K, committed 9024K, reserved 1048576K
}
Event: 4,296 GC heap after
{Heap after GC invocations=12 (full 0):
 garbage-first heap   total 104448K, used 27776K [0x0000000709200000, 0x0000000800000000)
  region size 2048K, 3 young (6144K), 3 survivors (6144K)
 Metaspace       used 59968K, committed 60416K, reserved 1105920K
  class space    used 8813K, committed 9024K, reserved 1048576K
}

