# JRE version: Java(TM) SE Runtime Environment (17.0.5+9) (build 17.0.5+9-LTS-191)
# Java VM: Java HotSpot(TM) 64-Bit Server VM (17.0.5+9-LTS-191, mixed mode, sharing, tiered, compressed oops, compressed class ptrs, g1 gc, linux-amd64)
GC Precious Log:
 CPUs: 8 total, 8 available
 Memory: 15798M
 Large Page Support: Disabled
 NUMA Support: Disabled
 Compressed Oops: Enabled (Zero based)
 Heap Region Size: 2M
 Heap Min Capacity: 8M
 Heap Initial Capacity: 248M
 Heap Max Capacity: 3950M
 Pre-touch: Disabled
 Parallel Workers: 8
 Concurrent Workers: 2
 Concurrent Refinement Workers: 8
 Periodic GC: Disabled
Heap:
 garbage-first heap   total 90112K, used 50617K [0x0000000709200000, 0x0000000800000000)
  region size 2048K, 14 young (28672K), 3 survivors (6144K)
 Metaspace       used 64231K, committed 64768K, reserved 1105920K
  class space    used 9509K, committed 9792K, reserved 1048576K
GC Heap History (20 events):
Event: 0,793 GC heap before
{Heap before GC invocations=0 (full 0):
 garbage-first heap   total 258048K, used 24548K [0x0000000709200000, 0x0000000800000000)
  region size 2048K, 11 young (22528K), 0 survivors (0K)
 Metaspace       used 6675K, committed 6848K, reserved 1056768K
  class space    used 778K, committed 832K, reserved 1048576K
}
Event: 0,797 GC heap after
{Heap after GC invocations=1 (full 0):
 garbage-first heap   total 258048K, used 8982K [0x0000000709200000, 0x0000000800000000)
  region size 2048K, 2 young (4096K), 2 survivors (4096K)
 Metaspace       used 6675K, committed 6848K, reserved 1056768K
  class space    used 778K, committed 832K, reserved 1048576K
}
Event: 1,255 GC heap before
{Heap before GC invocations=1 (full 0):
 garbage-first heap   total 258048K, used 35606K [0x0000000709200000, 0x0000000800000000)
  region size 2048K, 16 young (32768K), 2 survivors (4096K)
 Metaspace       used 13499K, committed 13696K, reserved 1064960K
  class space    used 1705K, committed 1792K, reserved 1048576K
}
Event: 1,259 GC heap after
{Heap after GC invocations=2 (full 0):
 garbage-first heap   total 258048K, used 10757K [0x0000000709200000, 0x0000000800000000)
  region size 2048K, 2 young (4096K), 2 survivors (4096K)
 Metaspace       used 13499K, committed 13696K, reserved 1064960K
  class space    used 1705K, committed 1792K, reserved 1048576K
}
Event: 1,950 GC heap before
{Heap before GC invocations=2 (full 0):
 garbage-first heap   total 258048K, used 51717K [0x0000000709200000, 0x0000000800000000)
  region size 2048K, 23 young (47104K), 2 survivors (4096K)
 Metaspace       used 21167K, committed 21504K, reserved 1073152K
  class space    used 2804K, committed 3008K, reserved 1048576K
}
Event: 1,955 GC heap after
{Heap after GC invocations=3 (full 0):
 garbage-first heap   total 258048K, used 13777K [0x0000000709200000, 0x0000000800000000)
  region size 2048K, 3 young (6144K), 3 survivors (6144K)
 Metaspace       used 21167K, committed 21504K, reserved 1073152K
  class space    used 2804K, committed 3008K, reserved 1048576K
}
Event: 2,624 GC heap before
{Heap before GC invocations=4 (full 0):
 garbage-first heap   total 69632K, used 48593K [0x0000000709200000, 0x0000000800000000)
  region size 2048K, 20 young (40960K), 3 survivors (6144K)
 Metaspace       used 29353K, committed 29696K, reserved 1081344K
  class space    used 3995K, committed 4160K, reserved 1048576K
}
Event: 2,629 GC heap after
{Heap after GC invocations=5 (full 0):
 garbage-first heap   total 69632K, used 16031K [0x0000000709200000, 0x0000000800000000)
  region size 2048K, 2 young (4096K), 2 survivors (4096K)
 Metaspace       used 29353K, committed 29696K, reserved 1081344K
  class space    used 3995K, committed 4160K, reserved 1048576K
}
Event: 2,657 GC heap before
{Heap before GC invocations=5 (full 0):
 garbage-first heap   total 69632K, used 18079K [0x0000000709200000, 0x0000000800000000)
  region size 2048K, 3 young (6144K), 2 survivors (4096K)
 Metaspace       used 30018K, committed 30336K, reserved 1081344K
  class space    used 4056K, committed 4224K, reserved 1048576K
}
Event: 2,660 GC heap after
{Heap after GC invocations=6 (full 0):
 garbage-first heap   total 69632K, used 16954K [0x0000000709200000, 0x0000000800000000)
  region size 2048K, 1 young (2048K), 1 survivors (2048K)
 Metaspace       used 30018K, committed 30336K, reserved 1081344K
  class space    used 4056K, committed 4224K, reserved 1048576K
}
Event: 2,984 GC heap before
{Heap before GC invocations=6 (full 0):
 garbage-first heap   total 69632K, used 33338K [0x0000000709200000, 0x0000000800000000)
  region size 2048K, 11 young (22528K), 1 survivors (2048K)
 Metaspace       used 35609K, committed 35968K, reserved 1081344K
  class space    used 4806K, committed 4992K, reserved 1048576K
}
Event: 2,987 GC heap after
{Heap after GC invocations=7 (full 0):
 garbage-first heap   total 69632K, used 17452K [0x0000000709200000, 0x0000000800000000)
  region size 2048K, 1 young (2048K), 1 survivors (2048K)
 Metaspace       used 35609K, committed 35968K, reserved 1081344K
  class space    used 4806K, committed 4992K, reserved 1048576K
}
Event: 3,435 GC heap before
{Heap before GC invocations=8 (full 0):
 garbage-first heap   total 69632K, used 48172K [0x0000000709200000, 0x0000000800000000)
  region size 2048K, 15 young (30720K), 1 survivors (2048K)
 Metaspace       used 43552K, committed 43904K, reserved 1089536K
  class space    used 6082K, committed 6272K, reserved 1048576K
}
Event: 3,437 GC heap after
{Heap after GC invocations=9 (full 0):
 garbage-first heap   total 69632K, used 20789K [0x0000000709200000, 0x0000000800000000)
  region size 2048K, 2 young (4096K), 2 survivors (4096K)
 Metaspace       used 43552K, committed 43904K, reserved 1089536K
  class space    used 6082K, committed 6272K, reserved 1048576K
}
Event: 3,820 GC heap before
{Heap before GC invocations=9 (full 0):
 garbage-first heap   total 69632K, used 45365K [0x0000000709200000, 0x0000000800000000)
  region size 2048K, 15 young (30720K), 2 survivors (4096K)
 Metaspace       used 49893K, committed 50304K, reserved 1097728K
  class space    used 6950K, committed 7104K, reserved 1048576K
}
Event: 3,824 GC heap after
{Heap after GC invocations=10 (full 0):
 garbage-first heap   total 69632K, used 23480K [0x0000000709200000, 0x0000000800000000)
  region size 2048K, 2 young (4096K), 2 survivors (4096K)
 Metaspace       used 49893K, committed 50304K, reserved 1097728K
  class space    used 6950K, committed 7104K, reserved 1048576K
}
Event: 4,108 GC heap before
{Heap before GC invocations=10 (full 0):
 garbage-first heap   total 69632K, used 46008K [0x0000000709200000, 0x0000000800000000)
  region size 2048K, 14 young (28672K), 2 survivors (4096K)
 Metaspace       used 53656K, committed 54080K, reserved 1097728K
  class space    used 7622K, committed 7808K, reserved 1048576K
}
Event: 4,112 GC heap after
{Heap after GC invocations=11 (full 0):
 garbage-first heap   total 90112K, used 25400K [0x0000000709200000, 0x0000000800000000)
  region size 2048K, 1 young (2048K), 1 survivors (2048K)
 Metaspace       used 53656K, committed 54080K, reserved 1097728K
  class space    used 7622K, committed 7808K, reserved 1048576K
}
Event: 4,619 GC heap before
{Heap before GC invocations=11 (full 0):
 garbage-first heap   total 90112K, used 52024K [0x0000000709200000, 0x0000000800000000)
  region size 2048K, 15 young (30720K), 1 survivors (2048K)
 Metaspace       used 59884K, committed 60288K, reserved 1105920K
  class space    used 8800K, committed 8960K, reserved 1048576K
}
Event: 4,624 GC heap after
{Heap after GC invocations=12 (full 0):
 garbage-first heap   total 90112K, used 28089K [0x0000000709200000, 0x0000000800000000)
  region size 2048K, 3 young (6144K), 3 survivors (6144K)
 Metaspace       used 59884K, committed 60288K, reserved 1105920K
  class space    used 8800K, committed 8960K, reserved 1048576K
}

