# JRE version: Java(TM) SE Runtime Environment (17.0.5+9) (build 17.0.5+9-LTS-191)
# Java VM: Java HotSpot(TM) 64-Bit Server VM (17.0.5+9-LTS-191, mixed mode, sharing, tiered, compressed oops, compressed class ptrs, g1 gc, linux-amd64)
GC Precious Log:
 CPUs: 8 total, 8 available
 Memory: 15798M
 Large Page Support: Disabled
 NUMA Support: Disabled
 Compressed Oops: Enabled (Zero based)
 Heap Region Size: 2M
 Heap Min Capacity: 8M
 Heap Initial Capacity: 248M
 Heap Max Capacity: 3950M
 Pre-touch: Disabled
 Parallel Workers: 8
 Concurrent Workers: 2
 Concurrent Refinement Workers: 8
 Periodic GC: Disabled
Heap:
 garbage-first heap   total 100352K, used 50533K [0x0000000709200000, 0x0000000800000000)
  region size 2048K, 15 young (30720K), 3 survivors (6144K)
 Metaspace       used 64753K, committed 65216K, reserved 1105920K
  class space    used 9511K, committed 9728K, reserved 1048576K
GC Heap History (20 events):
Event: 1,412 GC heap before
{Heap before GC invocations=1 (full 0):
 garbage-first heap   total 258048K, used 35583K [0x0000000709200000, 0x0000000800000000)
  region size 2048K, 16 young (32768K), 2 survivors (4096K)
 Metaspace       used 13681K, committed 13888K, reserved 1064960K
  class space    used 1735K, committed 1856K, reserved 1048576K
}
Event: 1,415 GC heap after
{Heap after GC invocations=2 (full 0):
 garbage-first heap   total 258048K, used 10808K [0x0000000709200000, 0x0000000800000000)
  region size 2048K, 2 young (4096K), 2 survivors (4096K)
 Metaspace       used 13681K, committed 13888K, reserved 1064960K
  class space    used 1735K, committed 1856K, reserved 1048576K
}
Event: 2,226 GC heap before
{Heap before GC invocations=2 (full 0):
 garbage-first heap   total 258048K, used 51768K [0x0000000709200000, 0x0000000800000000)
  region size 2048K, 23 young (47104K), 2 survivors (4096K)
 Metaspace       used 21170K, committed 21504K, reserved 1073152K
  class space    used 2801K, committed 3008K, reserved 1048576K
}
Event: 2,231 GC heap after
{Heap after GC invocations=3 (full 0):
 garbage-first heap   total 258048K, used 13791K [0x0000000709200000, 0x0000000800000000)
  region size 2048K, 3 young (6144K), 3 survivors (6144K)
 Metaspace       used 21170K, committed 21504K, reserved 1073152K
  class space    used 2801K, committed 3008K, reserved 1048576K
}
Event: 2,861 GC heap before
{Heap before GC invocations=4 (full 0):
 garbage-first heap   total 69632K, used 48607K [0x0000000709200000, 0x0000000800000000)
  region size 2048K, 20 young (40960K), 3 survivors (6144K)
 Metaspace       used 29290K, committed 29568K, reserved 1081344K
  class space    used 3985K, committed 4096K, reserved 1048576K
}
Event: 2,866 GC heap after
{Heap after GC invocations=5 (full 0):
 garbage-first heap   total 69632K, used 16226K [0x0000000709200000, 0x0000000800000000)
  region size 2048K, 3 young (6144K), 3 survivors (6144K)
 Metaspace       used 29290K, committed 29568K, reserved 1081344K
  class space    used 3985K, committed 4096K, reserved 1048576K
}
Event: 2,903 GC heap before
{Heap before GC invocations=5 (full 0):
 garbage-first heap   total 69632K, used 18274K [0x0000000709200000, 0x0000000800000000)
  region size 2048K, 4 young (8192K), 3 survivors (6144K)
 Metaspace       used 29944K, committed 30336K, reserved 1081344K
  class space    used 4042K, committed 4224K, reserved 1048576K
}
Event: 2,908 GC heap after
{Heap after GC invocations=6 (full 0):
 garbage-first heap   total 69632K, used 17237K [0x0000000709200000, 0x0000000800000000)
  region size 2048K, 1 young (2048K), 1 survivors (2048K)
 Metaspace       used 29944K, committed 30336K, reserved 1081344K
  class space    used 4042K, committed 4224K, reserved 1048576K
}
Event: 3,178 GC heap before
{Heap before GC invocations=6 (full 0):
 garbage-first heap   total 69632K, used 35669K [0x0000000709200000, 0x0000000800000000)
  region size 2048K, 11 young (22528K), 1 survivors (2048K)
 Metaspace       used 35600K, committed 35968K, reserved 1081344K
  class space    used 4805K, committed 4992K, reserved 1048576K
}
Event: 3,180 GC heap after
{Heap after GC invocations=7 (full 0):
 garbage-first heap   total 69632K, used 17281K [0x0000000709200000, 0x0000000800000000)
  region size 2048K, 1 young (2048K), 1 survivors (2048K)
 Metaspace       used 35600K, committed 35968K, reserved 1081344K
  class space    used 4805K, committed 4992K, reserved 1048576K
}
Event: 3,658 GC heap before
{Heap before GC invocations=8 (full 0):
 garbage-first heap   total 69632K, used 48001K [0x0000000709200000, 0x0000000800000000)
  region size 2048K, 15 young (30720K), 1 survivors (2048K)
 Metaspace       used 43486K, committed 43840K, reserved 1089536K
  class space    used 6072K, committed 6272K, reserved 1048576K
}
Event: 3,661 GC heap after
{Heap after GC invocations=9 (full 0):
 garbage-first heap   total 69632K, used 20912K [0x0000000709200000, 0x0000000800000000)
  region size 2048K, 2 young (4096K), 2 survivors (4096K)
 Metaspace       used 43486K, committed 43840K, reserved 1089536K
  class space    used 6072K, committed 6272K, reserved 1048576K
}
Event: 3,974 GC heap before
{Heap before GC invocations=9 (full 0):
 garbage-first heap   total 69632K, used 45488K [0x0000000709200000, 0x0000000800000000)
  region size 2048K, 15 young (30720K), 2 survivors (4096K)
 Metaspace       used 49709K, committed 50112K, reserved 1097728K
  class space    used 6927K, committed 7104K, reserved 1048576K
}
Event: 3,979 GC heap after
{Heap after GC invocations=10 (full 0):
 garbage-first heap   total 69632K, used 23394K [0x0000000709200000, 0x0000000800000000)
  region size 2048K, 2 young (4096K), 2 survivors (4096K)
 Metaspace       used 49709K, committed 50112K, reserved 1097728K
  class space    used 6927K, committed 7104K, reserved 1048576K
}
Event: 4,276 GC heap before
{Heap before GC invocations=10 (full 0):
 garbage-first heap   total 69632K, used 47970K [0x0000000709200000, 0x0000000800000000)
  region size 2048K, 14 young (28672K), 2 survivors (4096K)
 Metaspace       used 53604K, committed 53952K, reserved 1097728K
  class space    used 7619K, committed 7744K, reserved 1048576K
}
Event: 4,280 GC heap after
{Heap after GC invocations=11 (full 0):
 garbage-first heap   total 69632K, used 25291K [0x0000000709200000, 0x0000000800000000)
  region size 2048K, 1 young (2048K), 1 survivors (2048K)
 Metaspace       used 53604K, committed 53952K, reserved 1097728K
  class space    used 7619K, committed 7744K, reserved 1048576K
}
Event: 4,683 GC heap before
{Heap before GC invocations=11 (full 0):
 garbage-first heap   total 69632K, used 49867K [0x0000000709200000, 0x0000000800000000)
  region size 2048K, 13 young (26624K), 1 survivors (2048K)
 Metaspace       used 58764K, committed 59200K, reserved 1105920K
  class space    used 8539K, committed 8704K, reserved 1048576K
}
Event: 4,687 GC heap after
{Heap after GC invocations=12 (full 0):
 garbage-first heap   total 100352K, used 27163K [0x0000000709200000, 0x0000000800000000)
  region size 2048K, 2 young (4096K), 2 survivors (4096K)
 Metaspace       used 58764K, committed 59200K, reserved 1105920K
  class space    used 8539K, committed 8704K, reserved 1048576K
}
Event: 4,768 GC heap before
{Heap before GC invocations=12 (full 0):
 garbage-first heap   total 100352K, used 31259K [0x0000000709200000, 0x0000000800000000)
  region size 2048K, 5 young (10240K), 2 survivors (4096K)
 Metaspace       used 59892K, committed 60288K, reserved 1105920K
  class space    used 8799K, committed 8960K, reserved 1048576K
}
Event: 4,771 GC heap after
{Heap after GC invocations=13 (full 0):
 garbage-first heap   total 100352K, used 28005K [0x0000000709200000, 0x0000000800000000)
  region size 2048K, 3 young (6144K), 3 survivors (6144K)
 Metaspace       used 59892K, committed 60288K, reserved 1105920K
  class space    used 8799K, committed 8960K, reserved 1048576K
}

