# JRE version: Java(TM) SE Runtime Environment (17.0.5+9) (build 17.0.5+9-LTS-191)
# Java VM: Java HotSpot(TM) 64-Bit Server VM (17.0.5+9-LTS-191, mixed mode, sharing, tiered, compressed oops, compressed class ptrs, g1 gc, linux-amd64)
GC Precious Log:
 CPUs: 8 total, 8 available
 Memory: 15798M
 Large Page Support: Disabled
 NUMA Support: Disabled
 Compressed Oops: Enabled (Zero based)
 Heap Region Size: 2M
 Heap Min Capacity: 8M
 Heap Initial Capacity: 248M
 Heap Max Capacity: 3950M
 Pre-touch: Disabled
 Parallel Workers: 8
 Concurrent Workers: 2
 Concurrent Refinement Workers: 8
 Periodic GC: Disabled
Heap:
 garbage-first heap   total 83968K, used 51630K [0x0000000709200000, 0x0000000800000000)
  region size 2048K, 13 young (26624K), 2 survivors (4096K)
 Metaspace       used 64147K, committed 64640K, reserved 1105920K
  class space    used 9511K, committed 9792K, reserved 1048576K
GC Heap History (20 events):
Event: 0,786 GC heap before
{Heap before GC invocations=0 (full 0):
 garbage-first heap   total 258048K, used 24548K [0x0000000709200000, 0x0000000800000000)
  region size 2048K, 11 young (22528K), 0 survivors (0K)
 Metaspace       used 6672K, committed 6848K, reserved 1056768K
  class space    used 777K, committed 832K, reserved 1048576K
}
Event: 0,789 GC heap after
{Heap after GC invocations=1 (full 0):
 garbage-first heap   total 258048K, used 8793K [0x0000000709200000, 0x0000000800000000)
  region size 2048K, 2 young (4096K), 2 survivors (4096K)
 Metaspace       used 6672K, committed 6848K, reserved 1056768K
  class space    used 777K, committed 832K, reserved 1048576K
}
Event: 1,223 GC heap before
{Heap before GC invocations=1 (full 0):
 garbage-first heap   total 258048K, used 37465K [0x0000000709200000, 0x0000000800000000)
  region size 2048K, 16 young (32768K), 2 survivors (4096K)
 Metaspace       used 13520K, committed 13696K, reserved 1064960K
  class space    used 1710K, committed 1792K, reserved 1048576K
}
Event: 1,227 GC heap after
{Heap after GC invocations=2 (full 0):
 garbage-first heap   total 258048K, used 10872K [0x0000000709200000, 0x0000000800000000)
  region size 2048K, 2 young (4096K), 2 survivors (4096K)
 Metaspace       used 13520K, committed 13696K, reserved 1064960K
  class space    used 1710K, committed 1792K, reserved 1048576K
}
Event: 1,822 GC heap before
{Heap before GC invocations=2 (full 0):
 garbage-first heap   total 258048K, used 51832K [0x0000000709200000, 0x0000000800000000)
  region size 2048K, 23 young (47104K), 2 survivors (4096K)
 Metaspace       used 21174K, committed 21504K, reserved 1073152K
  class space    used 2803K, committed 3008K, reserved 1048576K
}
Event: 1,827 GC heap after
{Heap after GC invocations=3 (full 0):
 garbage-first heap   total 258048K, used 13945K [0x0000000709200000, 0x0000000800000000)
  region size 2048K, 3 young (6144K), 3 survivors (6144K)
 Metaspace       used 21174K, committed 21504K, reserved 1073152K
  class space    used 2803K, committed 3008K, reserved 1048576K
}
Event: 2,394 GC heap before
{Heap before GC invocations=4 (full 0):
 garbage-first heap   total 69632K, used 48761K [0x0000000709200000, 0x0000000800000000)
  region size 2048K, 20 young (40960K), 3 survivors (6144K)
 Metaspace       used 29358K, committed 29632K, reserved 1081344K
  class space    used 3993K, committed 4096K, reserved 1048576K
}
Event: 2,399 GC heap after
{Heap after GC invocations=5 (full 0):
 garbage-first heap   total 69632K, used 16152K [0x0000000709200000, 0x0000000800000000)
  region size 2048K, 3 young (6144K), 3 survivors (6144K)
 Metaspace       used 29358K, committed 29632K, reserved 1081344K
  class space    used 3993K, committed 4096K, reserved 1048576K
}
Event: 2,699 GC heap before
{Heap before GC invocations=5 (full 0):
 garbage-first heap   total 69632K, used 34584K [0x0000000709200000, 0x0000000800000000)
  region size 2048K, 14 young (28672K), 3 survivors (6144K)
 Metaspace       used 35615K, committed 35968K, reserved 1081344K
  class space    used 4806K, committed 4992K, reserved 1048576K
}
Event: 2,704 GC heap after
{Heap after GC invocations=6 (full 0):
 garbage-first heap   total 69632K, used 17825K [0x0000000709200000, 0x0000000800000000)
  region size 2048K, 2 young (4096K), 2 survivors (4096K)
 Metaspace       used 35615K, committed 35968K, reserved 1081344K
  class space    used 4806K, committed 4992K, reserved 1048576K
}
Event: 3,118 GC heap before
{Heap before GC invocations=7 (full 0):
 garbage-first heap   total 69632K, used 44449K [0x0000000709200000, 0x0000000800000000)
  region size 2048K, 15 young (30720K), 2 survivors (4096K)
 Metaspace       used 42763K, committed 43136K, reserved 1089536K
  class space    used 5976K, committed 6144K, reserved 1048576K
}
Event: 3,123 GC heap after
{Heap after GC invocations=8 (full 0):
 garbage-first heap   total 69632K, used 21392K [0x0000000709200000, 0x0000000800000000)
  region size 2048K, 2 young (4096K), 2 survivors (4096K)
 Metaspace       used 42763K, committed 43136K, reserved 1089536K
  class space    used 5976K, committed 6144K, reserved 1048576K
}
Event: 3,394 GC heap before
{Heap before GC invocations=8 (full 0):
 garbage-first heap   total 69632K, used 43920K [0x0000000709200000, 0x0000000800000000)
  region size 2048K, 14 young (28672K), 2 survivors (4096K)
 Metaspace       used 48630K, committed 48960K, reserved 1097728K
  class space    used 6813K, committed 6976K, reserved 1048576K
}
Event: 3,397 GC heap after
{Heap after GC invocations=9 (full 0):
 garbage-first heap   total 69632K, used 23582K [0x0000000709200000, 0x0000000800000000)
  region size 2048K, 2 young (4096K), 2 survivors (4096K)
 Metaspace       used 48630K, committed 48960K, reserved 1097728K
  class space    used 6813K, committed 6976K, reserved 1048576K
}
Event: 3,697 GC heap before
{Heap before GC invocations=9 (full 0):
 garbage-first heap   total 69632K, used 46110K [0x0000000709200000, 0x0000000800000000)
  region size 2048K, 14 young (28672K), 2 survivors (4096K)
 Metaspace       used 52229K, committed 52544K, reserved 1097728K
  class space    used 7291K, committed 7424K, reserved 1048576K
}
Event: 3,700 GC heap after
{Heap after GC invocations=10 (full 0):
 garbage-first heap   total 69632K, used 25494K [0x0000000709200000, 0x0000000800000000)
  region size 2048K, 2 young (4096K), 2 survivors (4096K)
 Metaspace       used 52229K, committed 52544K, reserved 1097728K
  class space    used 7291K, committed 7424K, reserved 1048576K
}
Event: 4,082 GC heap before
{Heap before GC invocations=10 (full 0):
 garbage-first heap   total 69632K, used 45974K [0x0000000709200000, 0x0000000800000000)
  region size 2048K, 13 young (26624K), 2 survivors (4096K)
 Metaspace       used 56245K, committed 56704K, reserved 1097728K
  class space    used 8039K, committed 8256K, reserved 1048576K
}
Event: 4,086 GC heap after
{Heap after GC invocations=11 (full 0):
 garbage-first heap   total 83968K, used 27295K [0x0000000709200000, 0x0000000800000000)
  region size 2048K, 2 young (4096K), 2 survivors (4096K)
 Metaspace       used 56245K, committed 56704K, reserved 1097728K
  class space    used 8039K, committed 8256K, reserved 1048576K
}
Event: 4,314 GC heap before
{Heap before GC invocations=11 (full 0):
 garbage-first heap   total 83968K, used 37535K [0x0000000709200000, 0x0000000800000000)
  region size 2048K, 8 young (16384K), 2 survivors (4096K)
 Metaspace       used 59870K, committed 60288K, reserved 1105920K
  class space    used 8799K, committed 8960K, reserved 1048576K
}
Event: 4,319 GC heap after
{Heap after GC invocations=12 (full 0):
 garbage-first heap   total 83968K, used 29102K [0x0000000709200000, 0x0000000800000000)
  region size 2048K, 2 young (4096K), 2 survivors (4096K)
 Metaspace       used 59870K, committed 60288K, reserved 1105920K
  class space    used 8799K, committed 8960K, reserved 1048576K
}

